<?xml version="1.0" encoding="UTF-8"?>
<!-- Generated by org.testng.reporters.JUnitReportReporter -->
<testsuite hostname="TVDI-022" failures="0" tests="1" name="org.Testcases.New_Submission_PA" time="58.720" errors="0" timestamp="2023-11-24T18:50:16 IST" skipped="0">
  <testcase classname="org.Testcases.New_Submission_PA" name="new_Submission_PA" time="58.720"/>
  <system-out/>
</testsuite> <!-- org.Testcases.New_Submission_PA -->
