<?xml version="1.0" encoding="UTF-8"?>
<!-- Generated by org.testng.reporters.JUnitReportReporter -->
<testsuite hostname="TVDI-018" failures="0" tests="1" name="org.Testcases.LoginTest" time="0.238" errors="0" timestamp="2023-11-23T14:18:29 IST" skipped="0">
  <testcase classname="org.Testcases.LoginTest" name="loginpage" time="0.238"/>
</testsuite> <!-- org.Testcases.LoginTest -->
