<?xml version="1.0" encoding="UTF-8"?>
<!-- Generated by org.testng.reporters.JUnitReportReporter -->
<testsuite hostname="TVDI-022" failures="0" tests="1" name="org.Testcases.AccountCreation" time="3.850" errors="0" timestamp="2023-11-24T18:05:50 IST" skipped="0">
  <testcase classname="org.Testcases.AccountCreation" name="accountCreationPC" time="3.850"/>
  <system-out/>
</testsuite> <!-- org.Testcases.AccountCreation -->
